<?xml version="1.0" encoding="UTF-8"?>
<coverage generated="1730912070104" clover="3.2.0">
  <project timestamp="1730912070104" name="All files">
    <metrics statements="18" coveredstatements="17" conditionals="5" coveredconditionals="3" methods="2" coveredmethods="2" elements="25" coveredelements="22" complexity="0" loc="18" ncloc="18" packages="1" files="1" classes="1"/>
    <file name="72-edit-distance.ts" path="D:\projects\typescript-studies\src\72-edit-distance.ts">
      <metrics statements="18" coveredstatements="17" conditionals="5" coveredconditionals="3" methods="2" coveredmethods="2"/>
      <line num="4" count="1" type="stmt"/>
      <line num="5" count="2" type="cond" truecount="1" falsecount="2"/>
      <line num="6" count="0" type="stmt"/>
      <line num="18" count="2" type="stmt"/>
      <line num="19" count="16" type="stmt"/>
      <line num="27" count="2" type="stmt"/>
      <line num="28" count="14" type="stmt"/>
      <line num="31" count="2" type="stmt"/>
      <line num="32" count="16" type="stmt"/>
      <line num="35" count="2" type="stmt"/>
      <line num="36" count="14" type="stmt"/>
      <line num="37" count="96" type="cond" truecount="2" falsecount="0"/>
      <line num="38" count="13" type="stmt"/>
      <line num="40" count="83" type="stmt"/>
      <line num="41" count="83" type="stmt"/>
      <line num="42" count="83" type="stmt"/>
      <line num="44" count="83" type="stmt"/>
      <line num="49" count="2" type="stmt"/>
    </file>
  </project>
</coverage>
