{"D:\\projects\\typescript-studies\\src\\72-edit-distance.ts": {"path":"D:\\projects\\typescript-studies\\src\\72-edit-distance.ts","statementMap":{"0":{"start":{"line":5,"column":2},"end":{"line":7,"column":null}},"1":{"start":{"line":6,"column":4},"end":{"line":6,"column":13}},"2":{"start":{"line":18,"column":25},"end":{"line":19,"column":null}},"3":{"start":{"line":19,"column":4},"end":{"line":19,"column":35}},"4":{"start":{"line":27,"column":2},"end":{"line":29,"column":null}},"5":{"start":{"line":27,"column":15},"end":{"line":27,"column":16}},"6":{"start":{"line":28,"column":4},"end":{"line":28,"column":17}},"7":{"start":{"line":31,"column":2},"end":{"line":33,"column":null}},"8":{"start":{"line":31,"column":15},"end":{"line":31,"column":16}},"9":{"start":{"line":32,"column":4},"end":{"line":32,"column":17}},"10":{"start":{"line":35,"column":2},"end":{"line":47,"column":null}},"11":{"start":{"line":35,"column":15},"end":{"line":35,"column":16}},"12":{"start":{"line":36,"column":4},"end":{"line":46,"column":null}},"13":{"start":{"line":36,"column":17},"end":{"line":36,"column":18}},"14":{"start":{"line":37,"column":6},"end":{"line":45,"column":null}},"15":{"start":{"line":38,"column":8},"end":{"line":38,"column":36}},"16":{"start":{"line":40,"column":30},"end":{"line":40,"column":50}},"17":{"start":{"line":41,"column":30},"end":{"line":41,"column":46}},"18":{"start":{"line":42,"column":29},"end":{"line":42,"column":45}},"19":{"start":{"line":44,"column":8},"end":{"line":44,"column":72}},"20":{"start":{"line":49,"column":2},"end":{"line":49,"column":40}},"21":{"start":{"line":4,"column":0},"end":{"line":4,"column":16}}},"fnMap":{"0":{"name":"minDistance","decl":{"start":{"line":4,"column":16},"end":{"line":4,"column":27}},"loc":{"start":{"line":4,"column":56},"end":{"line":50,"column":1}}},"1":{"name":"(anonymous_1)","decl":{"start":{"line":18,"column":66},"end":{"line":18,"column":69}},"loc":{"start":{"line":19,"column":4},"end":{"line":19,"column":35}}}},"branchMap":{"0":{"loc":{"start":{"line":5,"column":2},"end":{"line":7,"column":null}},"type":"if","locations":[{"start":{"line":5,"column":2},"end":{"line":7,"column":null}}]},"1":{"loc":{"start":{"line":5,"column":6},"end":{"line":5,"column":46}},"type":"binary-expr","locations":[{"start":{"line":5,"column":6},"end":{"line":5,"column":24}},{"start":{"line":5,"column":28},"end":{"line":5,"column":46}}]},"2":{"loc":{"start":{"line":37,"column":6},"end":{"line":45,"column":null}},"type":"if","locations":[{"start":{"line":37,"column":6},"end":{"line":45,"column":null}},{"start":{"line":39,"column":13},"end":{"line":45,"column":null}}]}},"s":{"0":2,"1":0,"2":2,"3":16,"4":2,"5":2,"6":14,"7":2,"8":2,"9":16,"10":2,"11":2,"12":14,"13":14,"14":96,"15":13,"16":83,"17":83,"18":83,"19":83,"20":2,"21":1},"f":{"0":2,"1":16},"b":{"0":[0],"1":[2,0],"2":[13,83]}}
}
